INFO:root:Start [VRSNet] training for dataset [WTH] with [100] epochs.
INFO:root:CUDA acceleration available: [True]
INFO:root:Model info:	Feature_shape:[210];	Projector_shape:[64]	Finetune:[1]
WARNING:root:Warning message: Loading Extractor Success!
INFO:root:Start [VRSNet] training for dataset [WTH] with [100] epochs.
INFO:root:CUDA acceleration available: [True]
INFO:root:Model info:	Feature_shape:[210];	Projector_shape:[64]	Finetune:[1]
INFO:root:¡¾Approximator¡¿Epoch(lr-0.001): 1	SPD_loss:4997.3809
INFO:root:¡¾Approximator¡¿Epoch(lr-0.001): 2	SPD_loss:4123.8583
INFO:root:¡¾Approximator¡¿Epoch(lr-0.001): 3	SPD_loss:3779.9949
INFO:root:¡¾Approximator¡¿Epoch(lr-0.001): 4	SPD_loss:3592.6252
INFO:root:¡¾Approximator¡¿Epoch(lr-0.001): 5	SPD_loss:3454.1492
INFO:root:¡¾Approximator¡¿Epoch(lr-0.001): 6	SPD_loss:3327.4652
INFO:root:¡¾Approximator¡¿Epoch(lr-0.001): 7	SPD_loss:3196.8915
INFO:root:¡¾Approximator¡¿Epoch(lr-0.001): 8	SPD_loss:3078.9141
INFO:root:¡¾Approximator¡¿Epoch(lr-0.001): 9	SPD_loss:2947.7158
INFO:root:¡¾Approximator¡¿Epoch(lr-0.001): 10	SPD_loss:2854.7636
INFO:root:¡¾Approximator¡¿Epoch(lr-0.001): 11	SPD_loss:2754.4573
INFO:root:¡¾Approximator¡¿Epoch(lr-0.001): 12	SPD_loss:2663.9728
INFO:root:¡¾Approximator¡¿Epoch(lr-0.001): 13	SPD_loss:2560.4409
INFO:root:¡¾Approximator¡¿Epoch(lr-0.001): 14	SPD_loss:2487.6474
INFO:root:¡¾Approximator¡¿Epoch(lr-0.001): 15	SPD_loss:2397.9146
INFO:root:¡¾Approximator¡¿Epoch(lr-0.001): 16	SPD_loss:2315.1498
INFO:root:¡¾Approximator¡¿Epoch(lr-0.001): 17	SPD_loss:2233.0151
INFO:root:¡¾Approximator¡¿Epoch(lr-0.001): 18	SPD_loss:2172.4322
INFO:root:¡¾Approximator¡¿Epoch(lr-0.001): 19	SPD_loss:2104.2330
INFO:root:¡¾Approximator¡¿Epoch(lr-0.001): 20	SPD_loss:2040.2062
INFO:root:¡¾Approximator¡¿Epoch(lr-0.001): 21	SPD_loss:1984.9209
INFO:root:¡¾Approximator¡¿Epoch(lr-0.001): 22	SPD_loss:1935.7965
INFO:root:¡¾Approximator¡¿Epoch(lr-0.001): 23	SPD_loss:1856.4481
INFO:root:¡¾Approximator¡¿Epoch(lr-0.001): 24	SPD_loss:1808.5617
INFO:root:¡¾Approximator¡¿Epoch(lr-0.001): 25	SPD_loss:1734.2660
INFO:root:¡¾Approximator¡¿Epoch(lr-0.001): 26	SPD_loss:1697.2777
INFO:root:¡¾Approximator¡¿Epoch(lr-0.001): 27	SPD_loss:1638.1658
INFO:root:¡¾Approximator¡¿Epoch(lr-0.001): 28	SPD_loss:1576.8432
INFO:root:¡¾Approximator¡¿Epoch(lr-0.001): 29	SPD_loss:1525.8329
INFO:root:¡¾Approximator¡¿Epoch(lr-0.001): 30	SPD_loss:1483.9960
INFO:root:¡¾Approximator¡¿Epoch(lr-0.001): 31	SPD_loss:1446.0207
INFO:root:¡¾Approximator¡¿Epoch(lr-0.001): 32	SPD_loss:1396.2016
INFO:root:¡¾Approximator¡¿Epoch(lr-0.001): 33	SPD_loss:1358.2065
INFO:root:¡¾Approximator¡¿Epoch(lr-0.001): 34	SPD_loss:1325.5606
INFO:root:¡¾Approximator¡¿Epoch(lr-0.001): 35	SPD_loss:1285.6674
INFO:root:¡¾Approximator¡¿Epoch(lr-0.001): 36	SPD_loss:1244.2262
INFO:root:¡¾Approximator¡¿Epoch(lr-0.001): 37	SPD_loss:1208.4657
INFO:root:¡¾Approximator¡¿Epoch(lr-0.001): 38	SPD_loss:1176.7268
INFO:root:¡¾Approximator¡¿Epoch(lr-0.001): 39	SPD_loss:1139.7565
INFO:root:¡¾Approximator¡¿Epoch(lr-0.001): 40	SPD_loss:1113.5227
INFO:root:¡¾Approximator¡¿Epoch(lr-0.001): 41	SPD_loss:1069.1035
INFO:root:¡¾Approximator¡¿Epoch(lr-0.001): 42	SPD_loss:1040.4223
INFO:root:¡¾Approximator¡¿Epoch(lr-0.001): 43	SPD_loss:1016.8514
INFO:root:¡¾Approximator¡¿Epoch(lr-0.001): 44	SPD_loss:980.3905
INFO:root:¡¾Approximator¡¿Epoch(lr-0.001): 45	SPD_loss:939.1442
INFO:root:¡¾Approximator¡¿Epoch(lr-0.001): 46	SPD_loss:914.8488
INFO:root:¡¾Approximator¡¿Epoch(lr-0.001): 47	SPD_loss:894.0324
INFO:root:¡¾Approximator¡¿Epoch(lr-0.001): 48	SPD_loss:877.9205
INFO:root:¡¾Approximator¡¿Epoch(lr-0.001): 49	SPD_loss:856.0594
INFO:root:¡¾Approximator¡¿Epoch(lr-0.001): 50	SPD_loss:818.9637
INFO:root:¡¾Approximator¡¿Epoch(lr-0.001): 51	SPD_loss:813.0757
INFO:root:¡¾Approximator¡¿Epoch(lr-0.001): 52	SPD_loss:794.5086
INFO:root:¡¾Approximator¡¿Epoch(lr-0.001): 53	SPD_loss:746.9090
INFO:root:¡¾Approximator¡¿Epoch(lr-0.001): 54	SPD_loss:733.6669
INFO:root:¡¾Approximator¡¿Epoch(lr-0.001): 55	SPD_loss:697.8804
INFO:root:¡¾Approximator¡¿Epoch(lr-0.001): 56	SPD_loss:683.5218
INFO:root:¡¾Approximator¡¿Epoch(lr-0.001): 57	SPD_loss:665.9305
INFO:root:¡¾Approximator¡¿Epoch(lr-0.001): 58	SPD_loss:655.9255
INFO:root:¡¾Approximator¡¿Epoch(lr-0.001): 59	SPD_loss:629.7331
INFO:root:¡¾Approximator¡¿Epoch(lr-0.001): 60	SPD_loss:611.2249
INFO:root:¡¾Approximator¡¿Epoch(lr-0.001): 61	SPD_loss:584.9660
INFO:root:¡¾Approximator¡¿Epoch(lr-0.001): 62	SPD_loss:581.7544
INFO:root:¡¾Approximator¡¿Epoch(lr-0.001): 63	SPD_loss:565.5533
INFO:root:¡¾Approximator¡¿Epoch(lr-0.001): 64	SPD_loss:543.0905
INFO:root:¡¾Approximator¡¿Epoch(lr-0.001): 65	SPD_loss:518.2266
INFO:root:¡¾Approximator¡¿Epoch(lr-0.001): 66	SPD_loss:507.7229
INFO:root:¡¾Approximator¡¿Epoch(lr-0.001): 67	SPD_loss:488.9323
INFO:root:¡¾Approximator¡¿Epoch(lr-0.001): 68	SPD_loss:475.4910
INFO:root:¡¾Approximator¡¿Epoch(lr-0.001): 69	SPD_loss:458.4067
INFO:root:¡¾Approximator¡¿Epoch(lr-0.001): 70	SPD_loss:451.7680
INFO:root:¡¾Approximator¡¿Epoch(lr-0.001): 71	SPD_loss:454.4633
INFO:root:¡¾Approximator¡¿Epoch(lr-0.001): 72	SPD_loss:425.7621
INFO:root:¡¾Approximator¡¿Epoch(lr-0.001): 73	SPD_loss:406.9427
INFO:root:¡¾Approximator¡¿Epoch(lr-0.001): 74	SPD_loss:395.5028
INFO:root:¡¾Approximator¡¿Epoch(lr-0.001): 75	SPD_loss:381.2584
INFO:root:¡¾Approximator¡¿Epoch(lr-0.001): 76	SPD_loss:394.8713
INFO:root:¡¾Approximator¡¿Epoch(lr-0.001): 77	SPD_loss:368.6419
INFO:root:¡¾Approximator¡¿Epoch(lr-0.001): 78	SPD_loss:356.9453
INFO:root:¡¾Approximator¡¿Epoch(lr-0.001): 79	SPD_loss:342.0370
INFO:root:¡¾Approximator¡¿Epoch(lr-0.001): 80	SPD_loss:356.6945
INFO:root:¡¾Approximator¡¿Epoch(lr-0.001): 81	SPD_loss:327.6359
INFO:root:¡¾Approximator¡¿Epoch(lr-0.001): 82	SPD_loss:317.4238
INFO:root:¡¾Approximator¡¿Epoch(lr-0.001): 83	SPD_loss:323.3039
INFO:root:¡¾Approximator¡¿Epoch(lr-0.001): 84	SPD_loss:298.5966
INFO:root:¡¾Approximator¡¿Epoch(lr-0.001): 85	SPD_loss:293.8425
INFO:root:¡¾Approximator¡¿Epoch(lr-0.001): 86	SPD_loss:285.0164
INFO:root:¡¾Approximator¡¿Epoch(lr-0.001): 87	SPD_loss:278.1213
INFO:root:¡¾Approximator¡¿Epoch(lr-0.001): 88	SPD_loss:265.2663
INFO:root:¡¾Approximator¡¿Epoch(lr-0.001): 89	SPD_loss:261.3590
INFO:root:¡¾Approximator¡¿Epoch(lr-0.001): 90	SPD_loss:261.3231
INFO:root:¡¾Approximator¡¿Epoch(lr-0.001): 91	SPD_loss:242.4717
INFO:root:¡¾Approximator¡¿Epoch(lr-0.001): 92	SPD_loss:249.9876
INFO:root:¡¾Approximator¡¿Epoch(lr-0.001): 93	SPD_loss:239.6666
INFO:root:¡¾Approximator¡¿Epoch(lr-0.001): 94	SPD_loss:246.5094
INFO:root:¡¾Approximator¡¿Epoch(lr-0.001): 95	SPD_loss:221.9397
INFO:root:¡¾Approximator¡¿Epoch(lr-0.001): 96	SPD_loss:241.8015
INFO:root:¡¾Approximator¡¿Epoch(lr-0.001): 97	SPD_loss:222.0993
INFO:root:¡¾Approximator¡¿Epoch(lr-0.001): 98	SPD_loss:217.1179
INFO:root:¡¾Approximator¡¿Epoch(lr-0.001): 99	SPD_loss:217.6061
INFO:root:¡¾Approximator¡¿Epoch(lr-0.001): 100	SPD_loss:205.7260
